<?xml version="1.0" encoding="UTF-8"?>
<!-- Generated by org.testng.reporters.JUnitReportReporter -->
<testsuite hostname="kass-mac" failures="0" tests="5" name="googleAPITest.GoogleAPITest" time="6.474" errors="0" timestamp="14 May 2024 12:03:16 GMT" skipped="0">
  <testcase classname="googleAPITest.GoogleAPITest" name="createPlaceTest" time="1.117"/>
  <testcase classname="googleAPITest.GoogleAPITest" name="getPlaceTest" time="1.554"/>
  <testcase classname="googleAPITest.GoogleAPITest" name="updatePlaceTest" time="1.583"/>
  <testcase classname="googleAPITest.GoogleAPITest" name="deletePlaceTest" time="1.299"/>
  <testcase classname="googleAPITest.GoogleAPITest" name="getPlaceAfterdeletTest" time="0.921"/>
</testsuite> <!-- googleAPITest.GoogleAPITest -->
